<?xml version="1.0" encoding="UTF-8"?>
<testsuite name="com.azarenka.api.impl.MenuServiceImplTest" tests="1" skipped="0" failures="0" errors="0" timestamp="2019-08-13T19:05:24" hostname="DESKTOP-1TTCG0Q" time="0.001">
  <properties/>
  <testcase name="getMenu" classname="com.azarenka.api.impl.MenuServiceImplTest" time="0.001"/>
  <system-out><![CDATA[]]></system-out>
  <system-err><![CDATA[]]></system-err>
</testsuite>
