<?xml version="1.0" encoding="UTF-8"?>
<testsuite name="com.azarenka.service.impl.DayServiceImplTest" tests="1" skipped="0" failures="0" errors="0" timestamp="2019-08-14T15:06:37" hostname="EPBYVITW0232" time="0.0">
  <properties/>
  <testcase name="getAll" classname="com.azarenka.service.impl.DayServiceImplTest" time="0.0"/>
  <system-out><![CDATA[]]></system-out>
  <system-err><![CDATA[]]></system-err>
</testsuite>
